app/build/outputs/logs/manifest-merger-debug-report.txt
-- Merging decision tree log ---
manifest
ADDED from src\main\AndroidManifest.xml:2:1-114:12
	package
		ADDED from src\main\AndroidManifest.xml:3:5-35
		INJECTED from src\main\AndroidManifest.xml
		INJECTED from src\main\AndroidManifest.xml
	android:versionName
		INJECTED from src\main\AndroidManifest.xml
		INJECTED from src\main\AndroidManifest.xml
	xmlns:android
		ADDED from src\main\AndroidManifest.xml:2:11-69
	android:versionCode
		INJECTED from src\main\AndroidManifest.xml
		INJECTED from src\main\AndroidManifest.xml
uses-permission#android.permission.BLUETOOTH
ADDED from src\main\AndroidManifest.xml:5:5-68
	android:name
		ADDED from src\main\AndroidManifest.xml:5:22-65
uses-permission#android.permission.BLUETOOTH_ADMIN
ADDED from src\main\AndroidManifest.xml:6:5-74
	android:name
		ADDED from src\main\AndroidManifest.xml:6:22-71
uses-permission#android.permission.INTERNET
ADDED from src\main\AndroidManifest.xml:7:5-67
	android:name
		ADDED from src\main\AndroidManifest.xml:7:22-64
uses-permission#android.permission.ACCESS_NETWORK_STATE
ADDED from src\main\AndroidManifest.xml:8:5-79
	android:name
		ADDED from src\main\AndroidManifest.xml:8:22-76
uses-permission#android.permission.CHANGE_NETWORK_STATE
ADDED from src\main\AndroidManifest.xml:9:5-79
	android:name
		ADDED from src\main\AndroidManifest.xml:9:22-76
uses-permission#android.permission.ACCESS_WIFI_STATE
ADDED from src\main\AndroidManifest.xml:10:5-76
	android:name
		ADDED from src\main\AndroidManifest.xml:10:22-73
uses-permission#android.permission.CHANGE_WIFI_STATE
ADDED from src\main\AndroidManifest.xml:11:5-76
	android:name
		ADDED from src\main\AndroidManifest.xml:11:22-73
uses-permission#android.permission.WAKE_LOCK
ADDED from src\main\AndroidManifest.xml:12:5-68
	android:name
		ADDED from src\main\AndroidManifest.xml:12:22-65
uses-permission#android.permission.READ_PHONE_STATE
ADDED from src\main\AndroidManifest.xml:13:5-75
	android:name
		ADDED from src\main\AndroidManifest.xml:13:22-72
uses-permission#android.permission.READ_LOGS
ADDED from src\main\AndroidManifest.xml:14:5-68
	android:name
		ADDED from src\main\AndroidManifest.xml:14:22-65
uses-permission#android.permission.WRITE_EXTERNAL_STORAGE
ADDED from src\main\AndroidManifest.xml:16:5-81
	android:name
		ADDED from src\main\AndroidManifest.xml:16:22-78
application
ADDED from src\main\AndroidManifest.xml:18:5-112:19
MERGED from [com.tencent.bugly:crashreport_upgrade:1.2.0] AndroidManifest.xml:9:5-29:19
MERGED from [com.android.support:appcompat-v7:23.4.0] AndroidManifest.xml:25:5-20
MERGED from [com.android.support:animated-vector-drawable:23.4.0] AndroidManifest.xml:7:5-20
MERGED from [com.android.support:support-vector-drawable:23.4.0] AndroidManifest.xml:7:5-20
MERGED from [com.google.android.gms:play-services-appindexing:8.1.0] AndroidManifest.xml:19:5-20
MERGED from [com.google.android.gms:play-services-basement:8.1.0] AndroidManifest.xml:20:5-24:19
MERGED from [com.android.support:support-v4:23.4.0] AndroidManifest.xml:22:5-20
	android:label
		ADDED from src\main\AndroidManifest.xml:21:9-41
	android:supportsRtl
		ADDED from src\main\AndroidManifest.xml:23:9-35
	android:allowBackup
		ADDED from src\main\AndroidManifest.xml:19:9-35
	android:icon
		ADDED from src\main\AndroidManifest.xml:20:9-38
	android:theme
		ADDED from src\main\AndroidManifest.xml:24:9-47
	android:name
		ADDED from src\main\AndroidManifest.xml:22:9-54
activity#com.xmu.supertractor.activity.MainActivity
ADDED from src\main\AndroidManifest.xml:25:9-33:20
	android:screenOrientation
		ADDED from src\main\AndroidManifest.xml:27:13-50
	android:name
		ADDED from src\main\AndroidManifest.xml:26:13-50
intent-filter#android.intent.action.MAIN+android.intent.category.LAUNCHER
ADDED from src\main\AndroidManifest.xml:28:13-32:29
action#android.intent.action.MAIN
ADDED from src\main\AndroidManifest.xml:29:17-69
	android:name
		ADDED from src\main\AndroidManifest.xml:29:25-66
category#android.intent.category.LAUNCHER
ADDED from src\main\AndroidManifest.xml:31:17-77
	android:name
		ADDED from src\main\AndroidManifest.xml:31:27-74
activity#com.xmu.supertractor.activity.BluetoothServerActivity
ADDED from src\main\AndroidManifest.xml:34:9-41:20
	android:screenOrientation
		ADDED from src\main\AndroidManifest.xml:37:13-50
	android:label
		ADDED from src\main\AndroidManifest.xml:36:13-33
	android:name
		ADDED from src\main\AndroidManifest.xml:35:13-81
intent-filter#android.intent.category.DEFAULT
ADDED from src\main\AndroidManifest.xml:38:13-40:29
category#android.intent.category.DEFAULT
ADDED from src\main\AndroidManifest.xml:39:17-76
	android:name
		ADDED from src\main\AndroidManifest.xml:39:27-73
activity#com.xmu.supertractor.activity.BluetoothClientActivity
ADDED from src\main\AndroidManifest.xml:42:9-49:20
	android:screenOrientation
		ADDED from src\main\AndroidManifest.xml:45:13-50
	android:label
		ADDED from src\main\AndroidManifest.xml:44:13-36
	android:name
		ADDED from src\main\AndroidManifest.xml:43:13-81
activity#com.xmu.supertractor.activity.GameActivity
ADDED from src\main\AndroidManifest.xml:50:9-57:20
	android:screenOrientation
		ADDED from src\main\AndroidManifest.xml:53:13-50
	android:label
		ADDED from src\main\AndroidManifest.xml:52:13-33
	android:name
		ADDED from src\main\AndroidManifest.xml:51:13-70
activity#com.xmu.supertractor.activity.RoomActivity
ADDED from src\main\AndroidManifest.xml:58:9-65:20
	android:screenOrientation
		ADDED from src\main\AndroidManifest.xml:61:13-50
	android:label
		ADDED from src\main\AndroidManifest.xml:60:13-33
	android:name
		ADDED from src\main\AndroidManifest.xml:59:13-70
activity#com.xmu.supertractor.activity.WifiServerActivity
ADDED from src\main\AndroidManifest.xml:66:9-73:20
	android:screenOrientation
		ADDED from src\main\AndroidManifest.xml:69:13-50
	android:label
		ADDED from src\main\AndroidManifest.xml:68:13-39
	android:name
		ADDED from src\main\AndroidManifest.xml:67:13-76
activity#com.xmu.supertractor.activity.WifiClientActivity
ADDED from src\main\AndroidManifest.xml:75:9-82:20
	android:screenOrientation
		ADDED from src\main\AndroidManifest.xml:78:13-50
	android:label
		ADDED from src\main\AndroidManifest.xml:77:13-39
	android:name
		ADDED from src\main\AndroidManifest.xml:76:13-76
activity#com.tencent.bugly.beta.ui.BetaActivity
ADDED from src\main\AndroidManifest.xml:84:9-86:64
	android:theme
		ADDED from src\main\AndroidManifest.xml:86:13-61
	android:name
		ADDED from src\main\AndroidManifest.xml:85:13-66
service#com.xmu.supertractor.connection.wifi.service.WifiClientConnectService
ADDED from src\main\AndroidManifest.xml:88:9-90:38
	android:enabled
		ADDED from src\main\AndroidManifest.xml:90:13-35
	android:name
		ADDED from src\main\AndroidManifest.xml:89:13-97
service#com.xmu.supertractor.connection.wifi.service.WifiServerConnectService
ADDED from src\main\AndroidManifest.xml:91:9-93:38
	android:enabled
		ADDED from src\main\AndroidManifest.xml:93:13-35
	android:name
		ADDED from src\main\AndroidManifest.xml:92:13-97
service#com.xmu.supertractor.connection.bluetooth.service.BlueServerConnectService
ADDED from src\main\AndroidManifest.xml:94:9-96:38
	android:enabled
		ADDED from src\main\AndroidManifest.xml:96:13-35
	android:name
		ADDED from src\main\AndroidManifest.xml:95:13-82
service#com.xmu.supertractor.connection.bluetooth.service.BlueClientConnectService
ADDED from src\main\AndroidManifest.xml:97:9-99:38
	android:enabled
		ADDED from src\main\AndroidManifest.xml:99:13-35
	android:name
		ADDED from src\main\AndroidManifest.xml:98:13-82
service#com.xmu.supertractor.desk.DeskService
ADDED from src\main\AndroidManifest.xml:100:9-102:38
	android:enabled
		ADDED from src\main\AndroidManifest.xml:102:13-35
	android:name
		ADDED from src\main\AndroidManifest.xml:101:13-65
service#com.xmu.supertractor.player.PlayerService
ADDED from src\main\AndroidManifest.xml:103:9-105:38
	android:enabled
		ADDED from src\main\AndroidManifest.xml:105:13-35
	android:name
		ADDED from src\main\AndroidManifest.xml:104:13-69
uses-library#android.test.runner
ADDED from src\main\AndroidManifest.xml:107:9-60
	android:name
		ADDED from src\main\AndroidManifest.xml:107:23-57
meta-data#com.google.android.gms.version
ADDED from src\main\AndroidManifest.xml:109:9-111:69
MERGED from [com.google.android.gms:play-services-basement:8.1.0] AndroidManifest.xml:21:9-23:69
	android:value
		ADDED from src\main\AndroidManifest.xml:111:13-66
	android:name
		ADDED from src\main\AndroidManifest.xml:110:13-58
uses-sdk
INJECTED from src\main\AndroidManifest.xml reason: use-sdk injection requested
MERGED from [com.tencent.bugly:crashreport_upgrade:1.2.0] AndroidManifest.xml:5:5-7:41
MERGED from [com.android.support:appcompat-v7:23.4.0] AndroidManifest.xml:21:5-23:78
MERGED from [com.android.support:animated-vector-drawable:23.4.0] AndroidManifest.xml:5:5-44
MERGED from [com.android.support:support-vector-drawable:23.4.0] AndroidManifest.xml:5:5-43
MERGED from [com.google.android.gms:play-services-appindexing:8.1.0] AndroidManifest.xml:18:5-42
MERGED from [com.google.android.gms:play-services-basement:8.1.0] AndroidManifest.xml:18:5-42
MERGED from [com.android.support:support-v4:23.4.0] AndroidManifest.xml:20:5-43
	tools:overrideLibrary
		ADDED from [com.android.support:appcompat-v7:23.4.0] AndroidManifest.xml:23:9-75
	android:targetSdkVersion
		INJECTED from src\main\AndroidManifest.xml
		INJECTED from src\main\AndroidManifest.xml
	android:minSdkVersion
		INJECTED from src\main\AndroidManifest.xml
		INJECTED from src\main\AndroidManifest.xml
meta-data#com.tencent.rdm.uuid
ADDED from [com.tencent.bugly:crashreport_upgrade:1.2.0] AndroidManifest.xml:10:9-12:68
	android:value
		ADDED from [com.tencent.bugly:crashreport_upgrade:1.2.0] AndroidManifest.xml:12:13-65
	android:name
		ADDED from [com.tencent.bugly:crashreport_upgrade:1.2.0] AndroidManifest.xml:11:13-48
service#com.tencent.bugly.beta.tinker.TinkerResultService
ADDED from [com.tencent.bugly:crashreport_upgrade:1.2.0] AndroidManifest.xml:15:9-17:40
	android:exported
		ADDED from [com.tencent.bugly:crashreport_upgrade:1.2.0] AndroidManifest.xml:17:13-37
	android:name
		ADDED from [com.tencent.bugly:crashreport_upgrade:1.2.0] AndroidManifest.xml:16:13-77
service#com.tencent.tinker.lib.service.TinkerPatchService
ADDED from [com.tencent.bugly:crashreport_upgrade:1.2.0] AndroidManifest.xml:18:9-21:40
	android:process
		ADDED from [com.tencent.bugly:crashreport_upgrade:1.2.0] AndroidManifest.xml:21:13-37
	android:exported
		ADDED from [com.tencent.bugly:crashreport_upgrade:1.2.0] AndroidManifest.xml:20:13-37
	android:name
		ADDED from [com.tencent.bugly:crashreport_upgrade:1.2.0] AndroidManifest.xml:19:13-77
service#com.tencent.tinker.lib.service.TinkerPatchService$InnerService
ADDED from [com.tencent.bugly:crashreport_upgrade:1.2.0] AndroidManifest.xml:22:9-25:40
	android:process
		ADDED from [com.tencent.bugly:crashreport_upgrade:1.2.0] AndroidManifest.xml:25:13-37
	android:exported
		ADDED from [com.tencent.bugly:crashreport_upgrade:1.2.0] AndroidManifest.xml:24:13-37
	android:name
		ADDED from [com.tencent.bugly:crashreport_upgrade:1.2.0] AndroidManifest.xml:23:13-90
service#com.tencent.tinker.lib.service.DefaultTinkerResultService
ADDED from [com.tencent.bugly:crashreport_upgrade:1.2.0] AndroidManifest.xml:26:9-28:40
	android:exported
		ADDED from [com.tencent.bugly:crashreport_upgrade:1.2.0] AndroidManifest.xml:28:13-37
	android:name
		ADDED from [com.tencent.bugly:crashreport_upgrade:1.2.0] AndroidManifest.xml:27:13-85